Performing C SOURCE FILE Test CMAKE_HAVE_LIBC_PTHREAD failed with the following output:
Change Dir: /uac/y21/nsangsiri1/summer2022_project/HOPE/build/CMakeFiles/CMakeTmp

Run Build Command(s):/usr/bin/make -f Makefile cmTC_3f2bd/fast && /usr/bin/make  -f CMakeFiles/cmTC_3f2bd.dir/build.make CMakeFiles/cmTC_3f2bd.dir/build
make[1]: Entering directory '/data/d0/y21/nsangsiri1/summer2022_project/HOPE/build/CMakeFiles/CMakeTmp'
Building C object CMakeFiles/cmTC_3f2bd.dir/src.c.o
/usr/bin/gcc-10 -DCMAKE_HAVE_LIBC_PTHREAD   -o CMakeFiles/cmTC_3f2bd.dir/src.c.o -c /uac/y21/nsangsiri1/summer2022_project/HOPE/build/CMakeFiles/CMakeTmp/src.c
Linking C executable cmTC_3f2bd
/data/d0/y21/nsangsiri1/spack/opt/spack/linux-ubuntu18.04-cascadelake/gcc-10.3.0/cmake-3.23.2-2v7mfemtapfiwlelhgtowiaugq7m75km/bin/cmake -E cmake_link_script CMakeFiles/cmTC_3f2bd.dir/link.txt --verbose=1
/usr/bin/gcc-10 -rdynamic CMakeFiles/cmTC_3f2bd.dir/src.c.o -o cmTC_3f2bd 
CMakeFiles/cmTC_3f2bd.dir/src.c.o: In function `main':
src.c:(.text+0x3e): undefined reference to `pthread_create'
src.c:(.text+0x4a): undefined reference to `pthread_detach'
src.c:(.text+0x56): undefined reference to `pthread_cancel'
src.c:(.text+0x67): undefined reference to `pthread_join'
src.c:(.text+0x7b): undefined reference to `pthread_atfork'
collect2: error: ld returned 1 exit status
CMakeFiles/cmTC_3f2bd.dir/build.make:98: recipe for target 'cmTC_3f2bd' failed
make[1]: *** [cmTC_3f2bd] Error 1
make[1]: Leaving directory '/data/d0/y21/nsangsiri1/summer2022_project/HOPE/build/CMakeFiles/CMakeTmp'
Makefile:127: recipe for target 'cmTC_3f2bd/fast' failed
make: *** [cmTC_3f2bd/fast] Error 2


Source file was:
#include <pthread.h>

static void* test_func(void* data)
{
  return data;
}

int main(void)
{
  pthread_t thread;
  pthread_create(&thread, NULL, test_func, NULL);
  pthread_detach(thread);
  pthread_cancel(thread);
  pthread_join(thread, NULL);
  pthread_atfork(NULL, NULL, NULL);
  pthread_exit(NULL);

  return 0;
}

Determining if the function pthread_create exists in the pthreads failed with the following output:
Change Dir: /uac/y21/nsangsiri1/summer2022_project/HOPE/build/CMakeFiles/CMakeTmp

Run Build Command(s):/usr/bin/make -f Makefile cmTC_0bc7c/fast && /usr/bin/make  -f CMakeFiles/cmTC_0bc7c.dir/build.make CMakeFiles/cmTC_0bc7c.dir/build
make[1]: Entering directory '/data/d0/y21/nsangsiri1/summer2022_project/HOPE/build/CMakeFiles/CMakeTmp'
Building C object CMakeFiles/cmTC_0bc7c.dir/CheckFunctionExists.c.o
/usr/bin/gcc-10   -DCHECK_FUNCTION_EXISTS=pthread_create -o CMakeFiles/cmTC_0bc7c.dir/CheckFunctionExists.c.o -c /uac/y21/nsangsiri1/spack/opt/spack/linux-ubuntu18.04-cascadelake/gcc-10.3.0/cmake-3.23.2-2v7mfemtapfiwlelhgtowiaugq7m75km/share/cmake-3.23/Modules/CheckFunctionExists.c
Linking C executable cmTC_0bc7c
/data/d0/y21/nsangsiri1/spack/opt/spack/linux-ubuntu18.04-cascadelake/gcc-10.3.0/cmake-3.23.2-2v7mfemtapfiwlelhgtowiaugq7m75km/bin/cmake -E cmake_link_script CMakeFiles/cmTC_0bc7c.dir/link.txt --verbose=1
/usr/bin/gcc-10  -DCHECK_FUNCTION_EXISTS=pthread_create -rdynamic CMakeFiles/cmTC_0bc7c.dir/CheckFunctionExists.c.o -o cmTC_0bc7c  -lpthreads 
/usr/bin/ld: cannot find -lpthreads
collect2: error: ld returned 1 exit status
CMakeFiles/cmTC_0bc7c.dir/build.make:98: recipe for target 'cmTC_0bc7c' failed
make[1]: *** [cmTC_0bc7c] Error 1
make[1]: Leaving directory '/data/d0/y21/nsangsiri1/summer2022_project/HOPE/build/CMakeFiles/CMakeTmp'
Makefile:127: recipe for target 'cmTC_0bc7c/fast' failed
make: *** [cmTC_0bc7c/fast] Error 2



